<?xml version="1.0" encoding="UTF-8"?>
<!-- Generated by org.testng.reporters.JUnitReportReporter -->
<testsuite name="com.testngprogram.InvocationCount" tests="6" time="0.112" ignored="0" failures="0" timestamp="17 Feb 2022 17:49:21 GMT" skipped="0" hostname="DESKTOP-9DDQQRU" errors="0">
  <testcase name="jas" time="0.009" classname="com.testngprogram.InvocationCount"/>
  <testcase name="jas" time="0.008" classname="com.testngprogram.InvocationCount"/>
  <testcase name="jas" time="0.009" classname="com.testngprogram.InvocationCount"/>
  <testcase name="jeni" time="0.013" classname="com.testngprogram.InvocationCount"/>
  <testcase name="jas" time="0.012" classname="com.testngprogram.InvocationCount"/>
  <testcase name="jas" time="0.061" classname="com.testngprogram.InvocationCount"/>
</testsuite> <!-- com.testngprogram.InvocationCount -->
