<?xml version="1.0" encoding="UTF-8"?>
<!-- Generated by org.testng.reporters.JUnitReportReporter -->
<testsuite name="com.testngprogram.Prioritypro" tests="5" time="0.083" ignored="0" failures="0" timestamp="17 Feb 2022 17:35:35 GMT" skipped="0" hostname="DESKTOP-9DDQQRU" errors="0">
  <testcase name="swe" time="0.013" classname="com.testngprogram.Prioritypro"/>
  <testcase name="sri" time="0.010" classname="com.testngprogram.Prioritypro"/>
  <testcase name="nithi" time="0.013" classname="com.testngprogram.Prioritypro"/>
  <testcase name="jeni" time="0.040" classname="com.testngprogram.Prioritypro"/>
  <testcase name="jas" time="0.007" classname="com.testngprogram.Prioritypro"/>
</testsuite> <!-- com.testngprogram.Prioritypro -->
