<?xml version="1.0" encoding="UTF-8"?>
<!-- Generated by org.testng.reporters.JUnitReportReporter -->
<testsuite name="com.testng2.Excepted_Exception" tests="1" time="7.916" ignored="0" failures="0" timestamp="24 Jan 2022 04:18:27 GMT" skipped="0" hostname="DESKTOP-9DDQQRU" errors="0">
  <testcase name="addMthod" time="7.916" classname="com.testng2.Excepted_Exception"/>
</testsuite> <!-- com.testng2.Excepted_Exception -->
