<?xml version="1.0" encoding="UTF-8"?>
<!-- Generated by org.testng.reporters.JUnitReportReporter -->
<testsuite name="com.testng2.Summary" tests="3" time="0.039" ignored="0" failures="0" timestamp="24 Jan 2022 04:00:43 GMT" skipped="0" hostname="DESKTOP-9DDQQRU" errors="0">
  <testcase name="addToCart" time="0.025" classname="com.testng2.Summary"/>
  <testcase name="signIn" time="0.009" classname="com.testng2.Summary"/>
  <testcase name="headSet" time="0.005" classname="com.testng2.Summary"/>
</testsuite> <!-- com.testng2.Summary -->
