<?xml version="1.0" encoding="UTF-8"?>
<!-- Generated by org.testng.reporters.JUnitReportReporter -->
<testsuite name="com.testngprogram.IognorePro" tests="1" time="0.026" ignored="1" failures="0" timestamp="17 Feb 2022 17:21:24 GMT" skipped="0" hostname="DESKTOP-9DDQQRU" errors="0">
  <testcase name="swetha" time="0.026" classname="com.testngprogram.IognorePro"/>
  <testcase name="swe" classname="com.testngprogram.IognorePro">
    <skipped/>
  </testcase> <!-- swe -->
</testsuite> <!-- com.testngprogram.IognorePro -->
