<?xml version="1.0" encoding="UTF-8"?>
<!-- Generated by org.testng.reporters.JUnitReportReporter -->
<testsuite name="com.testngprogram.simple_annotation" tests="2" time="0.104" ignored="0" failures="0" timestamp="17 Feb 2022 16:55:31 GMT" skipped="0" hostname="DESKTOP-9DDQQRU" errors="0">
  <testcase name="searchmobile" time="0.015" classname="com.testngprogram.simple_annotation"/>
  <testcase name="searchlaptop" time="0.089" classname="com.testngprogram.simple_annotation"/>
</testsuite> <!-- com.testngprogram.simple_annotation -->
