<?xml version="1.0" encoding="UTF-8"?>
<!-- Generated by org.testng.reporters.JUnitReportReporter -->
<testsuite name="com.testng1.Invocation_Count" tests="7" time="0.088" ignored="0" failures="0" timestamp="24 Jan 2022 04:00:23 GMT" skipped="0" hostname="DESKTOP-9DDQQRU" errors="0">
  <testcase name="tShrit" time="0.003" classname="com.testng1.Invocation_Count"/>
  <testcase name="signIn" time="0.048" classname="com.testng1.Invocation_Count"/>
  <testcase name="tShrit" time="0.008" classname="com.testng1.Invocation_Count"/>
  <testcase name="tShrit" time="0.010" classname="com.testng1.Invocation_Count"/>
  <testcase name="tShrit" time="0.008" classname="com.testng1.Invocation_Count"/>
  <testcase name="tShrit" time="0.007" classname="com.testng1.Invocation_Count"/>
  <testcase name="signoff" time="0.004" classname="com.testng1.Invocation_Count"/>
</testsuite> <!-- com.testng1.Invocation_Count -->
