<?xml version="1.0" encoding="UTF-8"?>
<!-- Generated by org.testng.reporters.JUnitReportReporter -->
<testsuite name="com.testng1.Priority" tests="5" time="0.075" ignored="0" failures="0" timestamp="17 Jan 2022 16:21:43 GMT" skipped="0" hostname="DESKTOP-9DDQQRU" errors="0">
  <testcase name="closebrowser" time="0.005" classname="com.testng1.Priority"/>
  <testcase name="tshirt" time="0.018" classname="com.testng1.Priority"/>
  <testcase name="signin" time="0.005" classname="com.testng1.Priority"/>
  <testcase name="signoff" time="0.033" classname="com.testng1.Priority"/>
  <testcase name="homepage" time="0.014" classname="com.testng1.Priority"/>
</testsuite> <!-- com.testng1.Priority -->
