<?xml version="1.0" encoding="UTF-8"?>
<!-- Generated by org.testng.reporters.JUnitReportReporter -->
<testsuite name="com.testng1.Simple_Annotations" tests="3" time="0.068" ignored="0" failures="0" timestamp="01 Feb 2022 11:11:21 GMT" skipped="0" hostname="DESKTOP-9DDQQRU" errors="0">
  <testcase name="tshirt" time="0.006" classname="com.testng1.Simple_Annotations"/>
  <testcase name="women" time="0.045" classname="com.testng1.Simple_Annotations"/>
  <testcase name="dress" time="0.017" classname="com.testng1.Simple_Annotations"/>
</testsuite> <!-- com.testng1.Simple_Annotations -->
