<?xml version="1.0" encoding="UTF-8"?>
<!-- Generated by org.testng.reporters.JUnitReportReporter -->
<testsuite name="com.testng1.IgnoreProgram" tests="1" time="0.051" ignored="1" failures="0" timestamp="18 Jan 2022 06:39:40 GMT" skipped="0" hostname="DESKTOP-9DDQQRU" errors="0">
  <testcase name="add_Test_One" time="0.051" classname="com.testng1.IgnoreProgram"/>
  <testcase name="add_Test_Two" classname="com.testng1.IgnoreProgram">
    <skipped/>
  </testcase> <!-- add_Test_Two -->
</testsuite> <!-- com.testng1.IgnoreProgram -->
